<?xml version="1.0" encoding="UTF-8"?>
<!-- Generated by org.testng.reporters.JUnitReportReporter -->
<testsuite hostname="Ishant" failures="0" tests="1" name="ecommerce.testCases.TC14" time="17.031" errors="0" timestamp="2024-07-14T23:12:49 IST" skipped="0">
  <testcase classname="ecommerce.testCases.TC14" name="lastOrderedProductRating" time="17.031"/>
  <system-out>
    <![CDATA[test case passed]]>
  </system-out>
</testsuite> <!-- ecommerce.testCases.TC14 -->
