<?xml version="1.0" encoding="UTF-8"?>
<!-- Generated by org.testng.reporters.JUnitReportReporter -->
<testsuite hostname="Ishant" failures="0" tests="1" name="ecommerce.testCases.TC06" time="13.566" errors="0" timestamp="2024-07-14T20:01:25 IST" skipped="0">
  <testcase classname="ecommerce.testCases.TC06" name="filterProductResult" time="13.566"/>
  <system-out>
    <![CDATA[test case passed]]>
  </system-out>
</testsuite> <!-- ecommerce.testCases.TC06 -->
