<?xml version="1.0" encoding="UTF-8"?>
<!-- Generated by org.testng.reporters.JUnitReportReporter -->
<testsuite hostname="Ishant" failures="0" tests="1" name="ecommerce.testCases.TC08" time="29.577" errors="0" timestamp="2024-07-14T20:26:58 IST" skipped="0">
  <testcase classname="ecommerce.testCases.TC08" name="productSorting" time="29.577"/>
  <system-out>
    <![CDATA[test case passed]]>
  </system-out>
</testsuite> <!-- ecommerce.testCases.TC08 -->
