<?xml version="1.0" encoding="UTF-8"?>
<!-- Generated by org.testng.reporters.JUnitReportReporter -->
<testsuite hostname="Ishant" failures="0" tests="1" name="ecommerce.testCases.TC02" time="20.572" errors="0" timestamp="2024-07-14T23:49:29 IST" skipped="0">
  <testcase classname="ecommerce.testCases.TC02" name="amazonLoginWithValidCredentials" time="20.572"/>
  <system-out>
    <![CDATA[test case passed]]>
  </system-out>
</testsuite> <!-- ecommerce.testCases.TC02 -->
