<?xml version="1.0" encoding="UTF-8"?>
<!-- Generated by org.testng.reporters.JUnitReportReporter -->
<testsuite hostname="Ishant" failures="0" tests="1" name="ecommerce.testCases.TC02" time="17.910" errors="0" timestamp="2024-07-15T12:43:28 IST" skipped="0">
  <testcase classname="ecommerce.testCases.TC02" name="amazonLoginWithValidCredentials" time="17.910"/>
  <system-out>
    <![CDATA[test case passed]]>
  </system-out>
</testsuite> <!-- ecommerce.testCases.TC02 -->
