<?xml version="1.0" encoding="UTF-8"?>
<!-- Generated by org.testng.reporters.JUnitReportReporter -->
<testsuite hostname="Ishant" failures="0" tests="1" name="ecommerce.testCases.TC10" time="25.329" errors="0" timestamp="2024-07-14T22:36:18 IST" skipped="0">
  <testcase classname="ecommerce.testCases.TC10" name="updateCartDetail" time="25.329"/>
  <system-out>
    <![CDATA[test case passed]]>
  </system-out>
</testsuite> <!-- ecommerce.testCases.TC10 -->
